<?xml version="1.0" encoding="UTF-8"?>
<!-- Generated by org.testng.reporters.JUnitReportReporter -->
<testsuite hostname="DESKTOP-33NAR1N" failures="0" tests="1" name="com.Selenium_Expert.OrangeHRM_Practices" time="36.790" errors="0" timestamp="27 Jun 2021 07:25:59 GMT" skipped="0">
  <testcase classname="com.Selenium_Expert.OrangeHRM_Practices" name="loginPage" time="36.790"/>
</testsuite> <!-- com.Selenium_Expert.OrangeHRM_Practices -->
